<?xml version="1.0" encoding="UTF-8"?>
<Site BuildName="Linux-g++"
	BuildStamp="20240429-0148-Experimental"
	Name="HANALI"
	Generator="ctest-3.29.2"
	CompilerName="/usr/sbin/g++"
	CompilerVersion="13.2.1"
	OSName="Linux"
	Hostname="HANALI"
	OSRelease="5.15.146.1-microsoft-standard-WSL2"
	OSVersion="#1 SMP Thu Jan 11 04:09:03 UTC 2024"
	OSPlatform="x86_64"
	Is64Bits="1"
	VendorString="GenuineIntel"
	VendorID="Intel Corporation"
	FamilyID="6"
	ModelID="154"
	ProcessorCacheSize="24576"
	NumberOfLogicalCPU="20"
	NumberOfPhysicalCPU="10"
	TotalVirtualMemory="4096"
	TotalPhysicalMemory="15890"
	LogicalProcessorsPerPhysical="2"
	ProcessorClockFrequency="2918.4"
	>
	<Testing>
		<StartDateTime>Apr 29 10:18 CST</StartDateTime>
		<StartTestTime>1714357118</StartTestTime>
		<TestList/>
		<EndDateTime>Apr 29 10:18 CST</EndDateTime>
		<EndTestTime>1714357118</EndTestTime>
		<ElapsedMinutes>0</ElapsedMinutes>
	</Testing>
</Site>
